[00:20:21] [ServerMain/INFO]: Environment: Environment[sessionHost=https://sessionserver.mojang.com, servicesHost=https://api.minecraftservices.com, name=PROD]
[00:20:22] [Worker-Main-3/ERROR]: Couldn't load tag delta:no_collision as it is missing following references: minecraft:grass (from file/delta_datapack.zip)
[00:20:23] [ServerMain/INFO]: Loaded 7 recipes
[00:20:23] [ServerMain/ERROR]: Couldn't load tag minecraft:cartographer/events/enchantments/ranged/frost as it is missing following references: cartographer_custom_enchantments:events/debug/enchantments/ranged/frost (from file/Cartographer - Custom Enchantments.zip)
[00:20:24] [ServerMain/INFO]: Loaded 344 advancements
[00:20:24] [ServerMain/WARN]: Not all defined tags for registry ResourceKey[minecraft:root / minecraft:block] are present in data pack: bb:raycast
[00:20:24] [Server thread/INFO]: Starting minecraft server version 1.20.4
[00:20:24] [Server thread/INFO]: Loading properties
[00:20:24] [Server thread/INFO]: Default game type: SURVIVAL
[00:20:24] [Server thread/INFO]: Generating keypair
[00:20:24] [Server thread/INFO]: Starting Minecraft server on *:25565
[00:20:24] [Server thread/INFO]: Using epoll channel type
[00:20:24] [Server thread/WARN]: **** SERVER IS RUNNING IN OFFLINE/INSECURE MODE!
[00:20:24] [Server thread/WARN]: The server will make no attempt to authenticate usernames. Beware.
[00:20:24] [Server thread/WARN]: While this makes the game possible to play without internet access, it also opens up the ability for hackers to connect with any username they choose.
[00:20:24] [Server thread/WARN]: To change this, set "online-mode" to "true" in the server.properties file.
[00:20:24] [Server thread/INFO]: Preparing level "world"
[00:20:25] [Server thread/INFO]: Preparing start region for dimension minecraft:overworld
[00:20:27] [Worker-Main-2/INFO]: Preparing spawn area: 0%
[00:20:27] [Worker-Main-3/INFO]: Preparing spawn area: 0%
[00:20:27] [Worker-Main-3/INFO]: Preparing spawn area: 0%
[00:20:27] [Worker-Main-1/INFO]: Preparing spawn area: 0%
[00:20:27] [Worker-Main-2/INFO]: Preparing spawn area: 0%
[00:20:27] [Worker-Main-2/INFO]: Preparing spawn area: 0%
[00:20:28] [Worker-Main-1/INFO]: Preparing spawn area: 1%
[00:20:28] [Worker-Main-2/INFO]: Preparing spawn area: 38%
[00:20:30] [Server thread/INFO]: Time elapsed: 5127 ms
[00:20:30] [Server thread/INFO]: Done (5.244s)! For help, type "help"
[00:20:35] [Server thread/WARN]: UUID of added entity already exists: bmm['Marker'/1, l='ServerLevel[§l§d☠ Absolution ☠ §r| §7The CTMC]', x=-1000.00, y=-36.00, z=-1000.00]
[00:20:35] [Server thread/WARN]: UUID of added entity already exists: ccx['Skeleton'/123, l='ServerLevel[§l§d☠ Absolution ☠ §r| §7The CTMC]', x=-1030.50, y=-0.50, z=-1030.50]
[00:20:35] [Server thread/WARN]: UUID of added entity already exists: cbk['Armor Stand'/124, l='ServerLevel[§l§d☠ Absolution ☠ §r| §7The CTMC]', x=-1030.50, y=-0.50, z=-1030.50]
[00:20:35] [Server thread/WARN]: UUID of added entity already exists: bmm['Marker'/125, l='ServerLevel[§l§d☠ Absolution ☠ §r| §7The CTMC]', x=-1030.50, y=-0.50, z=-1030.50]
[00:20:35] [Server thread/WARN]: Can't keep up! Is the server overloaded? Running 5688ms or 113 ticks behind
[00:20:36] [Server thread/WARN]: UUID of added entity already exists: bmm['Marker'/190, l='ServerLevel[§l§d☠ Absolution ☠ §r| §7The CTMC]', x=-0.08, y=-0.01, z=-0.05]
[00:20:37] [Server thread/WARN]: UUID of added entity already exists: bmm['Marker'/212, l='ServerLevel[§l§d☠ Absolution ☠ §r| §7The CTMC]', x=4206900.50, y=0.00, z=4206900.50]
[00:20:37] [Server thread/WARN]: UUID of added entity already exists: cbk['Armor Stand'/213, l='ServerLevel[§l§d☠ Absolution ☠ §r| §7The CTMC]', x=4206900.50, y=0.00, z=4206900.50]
[00:20:37] [Server thread/WARN]: UUID of added entity already exists: bmm['Marker'/214, l='ServerLevel[§l§d☠ Absolution ☠ §r| §7The CTMC]', x=4206900.50, y=50.00, z=4206900.50]
[00:20:37] [Server thread/WARN]: UUID of added entity already exists: bmm['Marker'/215, l='ServerLevel[§l§d☠ Absolution ☠ §r| §7The CTMC]', x=4206900.50, y=50.00, z=4206900.50]
[00:20:37] [Server thread/WARN]: UUID of added entity already exists: bmm['Marker'/216, l='ServerLevel[§l§d☠ Absolution ☠ §r| §7The CTMC]', x=4206900.50, y=50.00, z=4206900.50]
[00:20:37] [Server thread/WARN]: UUID of added entity already exists: bmm['Marker'/217, l='ServerLevel[§l§d☠ Absolution ☠ §r| §7The CTMC]', x=4206900.50, y=60.00, z=4206900.50]
[00:20:37] [Server thread/WARN]: UUID of added entity already exists: bmm['Marker'/218, l='ServerLevel[§l§d☠ Absolution ☠ §r| §7The CTMC]', x=4206900.50, y=128.00, z=4206900.50]
[00:20:37] [Server thread/WARN]: UUID of added entity already exists: cbk['Armor Stand'/219, l='ServerLevel[§l§d☠ Absolution ☠ §r| §7The CTMC]', x=4206900.50, y=180.00, z=4206900.50]
[00:20:37] [Server thread/WARN]: UUID of added entity already exists: cbk['Armor Stand'/220, l='ServerLevel[§l§d☠ Absolution ☠ §r| §7The CTMC]', x=4206900.50, y=180.00, z=4206900.50]
[00:20:37] [Server thread/WARN]: UUID of added entity already exists: bmm['Marker'/221, l='ServerLevel[§l§d☠ Absolution ☠ §r| §7The CTMC]', x=4206900.50, y=-1.00, z=4206900.50]
[00:26:03] [Server thread/INFO]: TioSkrollex[/127.54.56.198:42635] logged in with entity id 236 at (-31.88023558826334, 158.0, -303.50861245202094)
[00:26:03] [Server thread/INFO]: TioSkrollex joined the game
[00:26:12] [Server thread/INFO]: Pulpleito8[/127.4.210.242:53579] logged in with entity id 264 at (-18.54382398747149, 160.0, -300.2844116619576)
[00:26:12] [Server thread/INFO]: Pulpleito8 joined the game
